<?xml version="1.0" encoding="utf-8"?><testsuites name="pytest tests"><testsuite name="pytest" errors="0" failures="0" skipped="1" tests="10" time="0.715" timestamp="2026-02-07T05:38:04.269821+00:00" hostname="agent-env-dc7e0caf-e9f3-43d0-ae5e-cbf478c227e2"><testcase classname="tests.test_scraper_api.TestCookieStatusEndpoint" name="test_cookie_status_returns_configured_field" time="0.077" /><testcase classname="tests.test_scraper_api.TestCookieStatusEndpoint" name="test_cookie_status_returns_expiration_info_when_configured" time="0.044" /><testcase classname="tests.test_scraper_api.TestIndustriesEndpoint" name="test_industries_returns_list" time="0.042" /><testcase classname="tests.test_scraper_api.TestIndustriesEndpoint" name="test_industries_contains_expected_values" time="0.044" /><testcase classname="tests.test_scraper_api.TestScrapesEndpoint" name="test_scrapes_returns_files_list" time="0.070" /><testcase classname="tests.test_scraper_api.TestScrapesDownloadEndpoint" name="test_download_returns_404_for_nonexistent" time="0.042" /><testcase classname="tests.test_scraper_api.TestScrapesDownloadEndpoint" name="test_download_works_for_existing_file" time="0.086" /><testcase classname="tests.test_scraper_api.TestJobsEndpoint" name="test_jobs_returns_list" time="0.042" /><testcase classname="tests.test_scraper_api.TestScraperStartEndpoint" name="test_start_requires_cookies_configured" time="0.040"><skipped type="pytest.skip" message="Cookies are configured, cannot test no-cookie scenario">/app/backend/tests/test_scraper_api.py:159: Cookies are configured, cannot test no-cookie scenario</skipped></testcase><testcase classname="tests.test_scraper_api.TestScraperStartEndpoint" name="test_start_validates_urls" time="0.043" /></testsuite></testsuites>